13.05.2022 20:57:46 GIRIS BASARILI Ibrahim
14.05.2022 03:22:53 GIRIS BASARILI Ibrahim
14.05.2022 03:27:26 PARA EFT YAPILDI= -Vakifbank HESAP NOSU= 2 HESABIN YENI PARA= 1100
14.05.2022 04:00:15 GIRIS BASARILI Ibrahim
14.05.2022 04:00:54 GIRIS BASARILI Ibrahim
14.05.2022 04:08:35 CIKIS YAPILIYOR Ibrahim
14.05.2022 04:12:19 GIRIS BASARILI Ibrahim
14.05.2022 04:12:28 CIKIS YAPILIYOR Ibrahim
14.05.2022 04:18:00 GIRIS BASARILI Ibrahim
14.05.2022 04:18:12 PARA HAVALE -100 GONDERILDI HESAP NOSU 1 HESABIN YENI PARA 1000 GONDERILEN KISININ PARASI =1200
14.05.2022 04:29:24 ZiraatBank
14.05.2022 04:29:29 ZiraatBank
14.05.2022 04:38:14 
14.05.2022 04:41:02 ZiraatBank
14.05.2022 04:41:35 ZiraatBank
14.05.2022 04:43:13 ZiraatBank
14.05.2022 04:43:28 ZiraatBank
14.05.2022 04:45:23 ZiraatBank
14.05.2022 04:45:30 ZiraatBank
14.05.2022 04:45:46 ZiraatBank
14.05.2022 06:32:44 GIRIS BASARILI Ibrahim
14.05.2022 06:34:23 ZiraatBank
14.05.2022 06:34:29 FinansBank
14.05.2022 06:34:50 CIKIS YAPILIYOR Ibrahim
14.05.2022 06:36:34 GIRIS BASARILI Ibrahim
14.05.2022 06:37:38 ZiraatBank
14.05.2022 06:39:47 
14.05.2022 07:19:32 GIRIS BASARILI Ibrahim
14.05.2022 07:19:45 CIKIS YAPILIYOR Ibrahim
